DefaultSource	Error	2	應用程式發生錯誤!

例外類型：System.Net.WebException (System.Security.Authentication.AuthenticationException)
內容：
根據驗證程序，遠端憑證是無效的。
StackTrace：   於 System.Net.Security.SslState.StartSendAuthResetSignal(ProtocolToken message, AsyncProtocolRequest asyncRequest, Exception exception)
   於 System.Net.Security.SslState.ProcessReceivedBlob(Byte[] buffer, Int32 count, AsyncProtocolRequest asyncRequest)
   於 System.Net.Security.SslState.StartReceiveBlob(Byte[] buffer, AsyncProtocolRequest asyncRequest)
   於 System.Net.Security.SslState.ProcessReceivedBlob(Byte[] buffer, Int32 count, AsyncProtocolRequest asyncRequest)
   於 System.Net.Security.SslState.StartReceiveBlob(Byte[] buffer, AsyncProtocolRequest asyncRequest)
   於 System.Net.Security.SslState.ProcessReceivedBlob(Byte[] buffer, Int32 count, AsyncProtocolRequest asyncRequest)
   於 System.Net.Security.SslState.StartReceiveBlob(Byte[] buffer, AsyncProtocolRequest asyncRequest)
   於 System.Net.Security.SslState.ProcessReceivedBlob(Byte[] buffer, Int32 count, AsyncProtocolRequest asyncRequest)
   於 System.Net.Security.SslState.StartReceiveBlob(Byte[] buffer, AsyncProtocolRequest asyncRequest)
   於 System.Net.Security.SslState.ProcessReceivedBlob(Byte[] buffer, Int32 count, AsyncProtocolRequest asyncRequest)
   於 System.Net.Security.SslState.StartReceiveBlob(Byte[] buffer, AsyncProtocolRequest asyncRequest)
   於 System.Net.Security.SslState.ForceAuthentication(Boolean receiveFirst, Byte[] buffer, AsyncProtocolRequest asyncRequest)
   於 System.Net.Security.SslState.ProcessAuthentication(LazyAsyncResult lazyResult)
   於 System.Threading.ExecutionContext.RunInternal(ExecutionContext executionContext, ContextCallback callback, Object state, Boolean preserveSyncCtx)
   於 System.Threading.ExecutionContext.Run(ExecutionContext executionContext, ContextCallback callback, Object state, Boolean preserveSyncCtx)
   於 System.Threading.ExecutionContext.Run(ExecutionContext executionContext, ContextCallback callback, Object state)
   於 System.Net.TlsStream.ProcessAuthentication(LazyAsyncResult result)
   於 System.Net.TlsStream.Write(Byte[] buffer, Int32 offset, Int32 size)
   於 System.Net.ConnectStream.WriteHeaders(Boolean async)
DefaultSource	Error	2	應用程式發生錯誤!

例外類型：System.Net.WebException (System.Security.Authentication.AuthenticationException)
內容：
根據驗證程序，遠端憑證是無效的。
StackTrace：   於 System.Net.Security.SslState.StartSendAuthResetSignal(ProtocolToken message, AsyncProtocolRequest asyncRequest, Exception exception)
   於 System.Net.Security.SslState.ProcessReceivedBlob(Byte[] buffer, Int32 count, AsyncProtocolRequest asyncRequest)
   於 System.Net.Security.SslState.StartReceiveBlob(Byte[] buffer, AsyncProtocolRequest asyncRequest)
   於 System.Net.Security.SslState.ProcessReceivedBlob(Byte[] buffer, Int32 count, AsyncProtocolRequest asyncRequest)
   於 System.Net.Security.SslState.StartReceiveBlob(Byte[] buffer, AsyncProtocolRequest asyncRequest)
   於 System.Net.Security.SslState.ProcessReceivedBlob(Byte[] buffer, Int32 count, AsyncProtocolRequest asyncRequest)
   於 System.Net.Security.SslState.StartReceiveBlob(Byte[] buffer, AsyncProtocolRequest asyncRequest)
   於 System.Net.Security.SslState.ProcessReceivedBlob(Byte[] buffer, Int32 count, AsyncProtocolRequest asyncRequest)
   於 System.Net.Security.SslState.StartReceiveBlob(Byte[] buffer, AsyncProtocolRequest asyncRequest)
   於 System.Net.Security.SslState.ProcessReceivedBlob(Byte[] buffer, Int32 count, AsyncProtocolRequest asyncRequest)
   於 System.Net.Security.SslState.StartReceiveBlob(Byte[] buffer, AsyncProtocolRequest asyncRequest)
   於 System.Net.Security.SslState.ForceAuthentication(Boolean receiveFirst, Byte[] buffer, AsyncProtocolRequest asyncRequest)
   於 System.Net.Security.SslState.ProcessAuthentication(LazyAsyncResult lazyResult)
   於 System.Threading.ExecutionContext.RunInternal(ExecutionContext executionContext, ContextCallback callback, Object state, Boolean preserveSyncCtx)
   於 System.Threading.ExecutionContext.Run(ExecutionContext executionContext, ContextCallback callback, Object state, Boolean preserveSyncCtx)
   於 System.Threading.ExecutionContext.Run(ExecutionContext executionContext, ContextCallback callback, Object state)
   於 System.Net.TlsStream.ProcessAuthentication(LazyAsyncResult result)
   於 System.Net.TlsStream.Write(Byte[] buffer, Int32 offset, Int32 size)
   於 System.Net.ConnectStream.WriteHeaders(Boolean async)
DefaultSource	Error	2	應用程式發生錯誤!

例外類型：System.Net.WebException (System.Security.Authentication.AuthenticationException)
內容：
根據驗證程序，遠端憑證是無效的。
StackTrace：   於 System.Net.Security.SslState.StartSendAuthResetSignal(ProtocolToken message, AsyncProtocolRequest asyncRequest, Exception exception)
   於 System.Net.Security.SslState.ProcessReceivedBlob(Byte[] buffer, Int32 count, AsyncProtocolRequest asyncRequest)
   於 System.Net.Security.SslState.StartReceiveBlob(Byte[] buffer, AsyncProtocolRequest asyncRequest)
   於 System.Net.Security.SslState.ProcessReceivedBlob(Byte[] buffer, Int32 count, AsyncProtocolRequest asyncRequest)
   於 System.Net.Security.SslState.StartReceiveBlob(Byte[] buffer, AsyncProtocolRequest asyncRequest)
   於 System.Net.Security.SslState.ProcessReceivedBlob(Byte[] buffer, Int32 count, AsyncProtocolRequest asyncRequest)
   於 System.Net.Security.SslState.StartReceiveBlob(Byte[] buffer, AsyncProtocolRequest asyncRequest)
   於 System.Net.Security.SslState.ProcessReceivedBlob(Byte[] buffer, Int32 count, AsyncProtocolRequest asyncRequest)
   於 System.Net.Security.SslState.StartReceiveBlob(Byte[] buffer, AsyncProtocolRequest asyncRequest)
   於 System.Net.Security.SslState.ProcessReceivedBlob(Byte[] buffer, Int32 count, AsyncProtocolRequest asyncRequest)
   於 System.Net.Security.SslState.StartReceiveBlob(Byte[] buffer, AsyncProtocolRequest asyncRequest)
   於 System.Net.Security.SslState.ForceAuthentication(Boolean receiveFirst, Byte[] buffer, AsyncProtocolRequest asyncRequest)
   於 System.Net.Security.SslState.ProcessAuthentication(LazyAsyncResult lazyResult)
   於 System.Threading.ExecutionContext.RunInternal(ExecutionContext executionContext, ContextCallback callback, Object state, Boolean preserveSyncCtx)
   於 System.Threading.ExecutionContext.Run(ExecutionContext executionContext, ContextCallback callback, Object state, Boolean preserveSyncCtx)
   於 System.Threading.ExecutionContext.Run(ExecutionContext executionContext, ContextCallback callback, Object state)
   於 System.Net.TlsStream.ProcessAuthentication(LazyAsyncResult result)
   於 System.Net.TlsStream.Write(Byte[] buffer, Int32 offset, Int32 size)
   於 System.Net.ConnectStream.WriteHeaders(Boolean async)
DefaultSource	Error	2	應用程式發生錯誤!

例外類型：System.Net.WebException (System.IO.IOException)
內容：
無法從傳輸連接讀取資料: 遠端主機已強制關閉一個現存的連線。。
StackTrace：   於 System.Net.Sockets.NetworkStream.Read(Byte[] buffer, Int32 offset, Int32 size)
   於 System.Net.Connection.SyncRead(HttpWebRequest request, Boolean userRetrievedStream, Boolean probeRead)
DefaultSource	Error	2	應用程式發生錯誤!

例外類型：System.Net.WebException (System.Security.Authentication.AuthenticationException)
內容：
根據驗證程序，遠端憑證是無效的。
StackTrace：   於 System.Net.Security.SslState.StartSendAuthResetSignal(ProtocolToken message, AsyncProtocolRequest asyncRequest, Exception exception)
   於 System.Net.Security.SslState.ProcessReceivedBlob(Byte[] buffer, Int32 count, AsyncProtocolRequest asyncRequest)
   於 System.Net.Security.SslState.StartReceiveBlob(Byte[] buffer, AsyncProtocolRequest asyncRequest)
   於 System.Net.Security.SslState.ProcessReceivedBlob(Byte[] buffer, Int32 count, AsyncProtocolRequest asyncRequest)
   於 System.Net.Security.SslState.StartReceiveBlob(Byte[] buffer, AsyncProtocolRequest asyncRequest)
   於 System.Net.Security.SslState.ProcessReceivedBlob(Byte[] buffer, Int32 count, AsyncProtocolRequest asyncRequest)
   於 System.Net.Security.SslState.StartReceiveBlob(Byte[] buffer, AsyncProtocolRequest asyncRequest)
   於 System.Net.Security.SslState.ProcessReceivedBlob(Byte[] buffer, Int32 count, AsyncProtocolRequest asyncRequest)
   於 System.Net.Security.SslState.StartReceiveBlob(Byte[] buffer, AsyncProtocolRequest asyncRequest)
   於 System.Net.Security.SslState.ProcessReceivedBlob(Byte[] buffer, Int32 count, AsyncProtocolRequest asyncRequest)
   於 System.Net.Security.SslState.StartReceiveBlob(Byte[] buffer, AsyncProtocolRequest asyncRequest)
   於 System.Net.Security.SslState.ForceAuthentication(Boolean receiveFirst, Byte[] buffer, AsyncProtocolRequest asyncRequest)
   於 System.Net.Security.SslState.ProcessAuthentication(LazyAsyncResult lazyResult)
   於 System.Threading.ExecutionContext.RunInternal(ExecutionContext executionContext, ContextCallback callback, Object state, Boolean preserveSyncCtx)
   於 System.Threading.ExecutionContext.Run(ExecutionContext executionContext, ContextCallback callback, Object state, Boolean preserveSyncCtx)
   於 System.Threading.ExecutionContext.Run(ExecutionContext executionContext, ContextCallback callback, Object state)
   於 System.Net.TlsStream.ProcessAuthentication(LazyAsyncResult result)
   於 System.Net.TlsStream.Write(Byte[] buffer, Int32 offset, Int32 size)
   於 System.Net.ConnectStream.WriteHeaders(Boolean async)
DefaultSource	Error	2	應用程式發生錯誤!

例外類型：System.Net.WebException (System.Security.Authentication.AuthenticationException)
內容：
根據驗證程序，遠端憑證是無效的。
StackTrace：   於 System.Net.Security.SslState.StartSendAuthResetSignal(ProtocolToken message, AsyncProtocolRequest asyncRequest, Exception exception)
   於 System.Net.Security.SslState.ProcessReceivedBlob(Byte[] buffer, Int32 count, AsyncProtocolRequest asyncRequest)
   於 System.Net.Security.SslState.StartReceiveBlob(Byte[] buffer, AsyncProtocolRequest asyncRequest)
   於 System.Net.Security.SslState.ProcessReceivedBlob(Byte[] buffer, Int32 count, AsyncProtocolRequest asyncRequest)
   於 System.Net.Security.SslState.StartReceiveBlob(Byte[] buffer, AsyncProtocolRequest asyncRequest)
   於 System.Net.Security.SslState.ProcessReceivedBlob(Byte[] buffer, Int32 count, AsyncProtocolRequest asyncRequest)
   於 System.Net.Security.SslState.StartReceiveBlob(Byte[] buffer, AsyncProtocolRequest asyncRequest)
   於 System.Net.Security.SslState.ProcessReceivedBlob(Byte[] buffer, Int32 count, AsyncProtocolRequest asyncRequest)
   於 System.Net.Security.SslState.StartReceiveBlob(Byte[] buffer, AsyncProtocolRequest asyncRequest)
   於 System.Net.Security.SslState.ProcessReceivedBlob(Byte[] buffer, Int32 count, AsyncProtocolRequest asyncRequest)
   於 System.Net.Security.SslState.StartReceiveBlob(Byte[] buffer, AsyncProtocolRequest asyncRequest)
   於 System.Net.Security.SslState.ForceAuthentication(Boolean receiveFirst, Byte[] buffer, AsyncProtocolRequest asyncRequest)
   於 System.Net.Security.SslState.ProcessAuthentication(LazyAsyncResult lazyResult)
   於 System.Threading.ExecutionContext.RunInternal(ExecutionContext executionContext, ContextCallback callback, Object state, Boolean preserveSyncCtx)
   於 System.Threading.ExecutionContext.Run(ExecutionContext executionContext, ContextCallback callback, Object state, Boolean preserveSyncCtx)
   於 System.Threading.ExecutionContext.Run(ExecutionContext executionContext, ContextCallback callback, Object state)
   於 System.Net.TlsStream.ProcessAuthentication(LazyAsyncResult result)
   於 System.Net.TlsStream.Write(Byte[] buffer, Int32 offset, Int32 size)
   於 System.Net.ConnectStream.WriteHeaders(Boolean async)
DefaultSource	Error	2	應用程式發生錯誤!

例外類型：System.Net.WebException (System.Security.Authentication.AuthenticationException)
內容：
根據驗證程序，遠端憑證是